[11-Dec-2018 14:31:17 America/Chicago] PHP Warning:  require(D:\home\caribeanservice.com\wwwroot\vendor/guzzlehttp/promises/src/functions_include.php): failed to open stream: No such file or directory in D:\home\caribeanservice.com\wwwroot\vendor\composer\autoload_real.php on line 66
[11-Dec-2018 14:31:17 America/Chicago] PHP Warning:  require(D:\home\caribeanservice.com\wwwroot\vendor/guzzlehttp/promises/src/functions_include.php): failed to open stream: No such file or directory in D:\home\caribeanservice.com\wwwroot\vendor\composer\autoload_real.php on line 66
[11-Dec-2018 14:31:17 America/Chicago] PHP Fatal error:  require(): Failed opening required 'D:\home\caribeanservice.com\wwwroot\vendor/guzzlehttp/promises/src/functions_include.php' (include_path='.;C:\php\pear') in D:\home\caribeanservice.com\wwwroot\vendor\composer\autoload_real.php on line 66
[11-Dec-2018 14:31:17 America/Chicago] PHP Warning:  require(D:\home\caribeanservice.com\wwwroot\vendor/guzzlehttp/promises/src/functions_include.php): failed to open stream: No such file or directory in D:\home\caribeanservice.com\wwwroot\vendor\composer\autoload_real.php on line 66
[11-Dec-2018 14:31:17 America/Chicago] PHP Warning:  require(D:\home\caribeanservice.com\wwwroot\vendor/guzzlehttp/promises/src/functions_include.php): failed to open stream: No such file or directory in D:\home\caribeanservice.com\wwwroot\vendor\composer\autoload_real.php on line 66
[11-Dec-2018 14:31:17 America/Chicago] PHP Fatal error:  require(): Failed opening required 'D:\home\caribeanservice.com\wwwroot\vendor/guzzlehttp/promises/src/functions_include.php' (include_path='.;C:\php\pear') in D:\home\caribeanservice.com\wwwroot\vendor\composer\autoload_real.php on line 66
[11-Dec-2018 14:31:17 America/Chicago] PHP Warning:  require(D:\home\caribeanservice.com\wwwroot\vendor/guzzlehttp/promises/src/functions_include.php): failed to open stream: No such file or directory in D:\home\caribeanservice.com\wwwroot\vendor\composer\autoload_real.php on line 66
[11-Dec-2018 14:31:17 America/Chicago] PHP Warning:  require(D:\home\caribeanservice.com\wwwroot\vendor/guzzlehttp/promises/src/functions_include.php): failed to open stream: No such file or directory in D:\home\caribeanservice.com\wwwroot\vendor\composer\autoload_real.php on line 66
[11-Dec-2018 14:31:17 America/Chicago] PHP Fatal error:  require(): Failed opening required 'D:\home\caribeanservice.com\wwwroot\vendor/guzzlehttp/promises/src/functions_include.php' (include_path='.;C:\php\pear') in D:\home\caribeanservice.com\wwwroot\vendor\composer\autoload_real.php on line 66
[11-Dec-2018 14:31:17 America/Chicago] PHP Warning:  require(D:\home\caribeanservice.com\wwwroot\vendor/guzzlehttp/promises/src/functions_include.php): failed to open stream: No such file or directory in D:\home\caribeanservice.com\wwwroot\vendor\composer\autoload_real.php on line 66
[11-Dec-2018 14:31:17 America/Chicago] PHP Warning:  require(D:\home\caribeanservice.com\wwwroot\vendor/guzzlehttp/promises/src/functions_include.php): failed to open stream: No such file or directory in D:\home\caribeanservice.com\wwwroot\vendor\composer\autoload_real.php on line 66
[11-Dec-2018 14:31:17 America/Chicago] PHP Fatal error:  require(): Failed opening required 'D:\home\caribeanservice.com\wwwroot\vendor/guzzlehttp/promises/src/functions_include.php' (include_path='.;C:\php\pear') in D:\home\caribeanservice.com\wwwroot\vendor\composer\autoload_real.php on line 66
[11-Dec-2018 14:31:26 America/Chicago] PHP Warning:  require(D:\home\caribeanservice.com\wwwroot\vendor/guzzlehttp/promises/src/functions_include.php): failed to open stream: No such file or directory in D:\home\caribeanservice.com\wwwroot\vendor\composer\autoload_real.php on line 66
[11-Dec-2018 14:31:26 America/Chicago] PHP Warning:  require(D:\home\caribeanservice.com\wwwroot\vendor/guzzlehttp/promises/src/functions_include.php): failed to open stream: No such file or directory in D:\home\caribeanservice.com\wwwroot\vendor\composer\autoload_real.php on line 66
[11-Dec-2018 14:31:26 America/Chicago] PHP Fatal error:  require(): Failed opening required 'D:\home\caribeanservice.com\wwwroot\vendor/guzzlehttp/promises/src/functions_include.php' (include_path='.;C:\php\pear') in D:\home\caribeanservice.com\wwwroot\vendor\composer\autoload_real.php on line 66
[11-Dec-2018 14:31:26 America/Chicago] PHP Warning:  require(D:\home\caribeanservice.com\wwwroot\vendor/guzzlehttp/promises/src/functions_include.php): failed to open stream: No such file or directory in D:\home\caribeanservice.com\wwwroot\vendor\composer\autoload_real.php on line 66
[11-Dec-2018 14:31:26 America/Chicago] PHP Warning:  require(D:\home\caribeanservice.com\wwwroot\vendor/guzzlehttp/promises/src/functions_include.php): failed to open stream: No such file or directory in D:\home\caribeanservice.com\wwwroot\vendor\composer\autoload_real.php on line 66
[11-Dec-2018 14:31:26 America/Chicago] PHP Fatal error:  require(): Failed opening required 'D:\home\caribeanservice.com\wwwroot\vendor/guzzlehttp/promises/src/functions_include.php' (include_path='.;C:\php\pear') in D:\home\caribeanservice.com\wwwroot\vendor\composer\autoload_real.php on line 66
[11-Dec-2018 14:31:26 America/Chicago] PHP Warning:  require(D:\home\caribeanservice.com\wwwroot\vendor/guzzlehttp/promises/src/functions_include.php): failed to open stream: No such file or directory in D:\home\caribeanservice.com\wwwroot\vendor\composer\autoload_real.php on line 66
[11-Dec-2018 14:31:26 America/Chicago] PHP Warning:  require(D:\home\caribeanservice.com\wwwroot\vendor/guzzlehttp/promises/src/functions_include.php): failed to open stream: No such file or directory in D:\home\caribeanservice.com\wwwroot\vendor\composer\autoload_real.php on line 66
[11-Dec-2018 14:31:26 America/Chicago] PHP Fatal error:  require(): Failed opening required 'D:\home\caribeanservice.com\wwwroot\vendor/guzzlehttp/promises/src/functions_include.php' (include_path='.;C:\php\pear') in D:\home\caribeanservice.com\wwwroot\vendor\composer\autoload_real.php on line 66
[11-Dec-2018 14:31:26 America/Chicago] PHP Warning:  require(D:\home\caribeanservice.com\wwwroot\vendor/guzzlehttp/promises/src/functions_include.php): failed to open stream: No such file or directory in D:\home\caribeanservice.com\wwwroot\vendor\composer\autoload_real.php on line 66
[11-Dec-2018 14:31:26 America/Chicago] PHP Warning:  require(D:\home\caribeanservice.com\wwwroot\vendor/guzzlehttp/promises/src/functions_include.php): failed to open stream: No such file or directory in D:\home\caribeanservice.com\wwwroot\vendor\composer\autoload_real.php on line 66
[11-Dec-2018 14:31:26 America/Chicago] PHP Fatal error:  require(): Failed opening required 'D:\home\caribeanservice.com\wwwroot\vendor/guzzlehttp/promises/src/functions_include.php' (include_path='.;C:\php\pear') in D:\home\caribeanservice.com\wwwroot\vendor\composer\autoload_real.php on line 66
[11-Dec-2018 14:31:50 America/Chicago] PHP Warning:  require(D:\home\caribeanservice.com\wwwroot\vendor/guzzlehttp/promises/src/functions_include.php): failed to open stream: No such file or directory in D:\home\caribeanservice.com\wwwroot\vendor\composer\autoload_real.php on line 66
[11-Dec-2018 14:31:50 America/Chicago] PHP Warning:  require(D:\home\caribeanservice.com\wwwroot\vendor/guzzlehttp/promises/src/functions_include.php): failed to open stream: No such file or directory in D:\home\caribeanservice.com\wwwroot\vendor\composer\autoload_real.php on line 66
[11-Dec-2018 14:31:50 America/Chicago] PHP Fatal error:  require(): Failed opening required 'D:\home\caribeanservice.com\wwwroot\vendor/guzzlehttp/promises/src/functions_include.php' (include_path='.;C:\php\pear') in D:\home\caribeanservice.com\wwwroot\vendor\composer\autoload_real.php on line 66
[11-Dec-2018 14:31:50 America/Chicago] PHP Warning:  require(D:\home\caribeanservice.com\wwwroot\vendor/guzzlehttp/promises/src/functions_include.php): failed to open stream: No such file or directory in D:\home\caribeanservice.com\wwwroot\vendor\composer\autoload_real.php on line 66
[11-Dec-2018 14:31:50 America/Chicago] PHP Warning:  require(D:\home\caribeanservice.com\wwwroot\vendor/guzzlehttp/promises/src/functions_include.php): failed to open stream: No such file or directory in D:\home\caribeanservice.com\wwwroot\vendor\composer\autoload_real.php on line 66
[11-Dec-2018 14:31:50 America/Chicago] PHP Fatal error:  require(): Failed opening required 'D:\home\caribeanservice.com\wwwroot\vendor/guzzlehttp/promises/src/functions_include.php' (include_path='.;C:\php\pear') in D:\home\caribeanservice.com\wwwroot\vendor\composer\autoload_real.php on line 66
[11-Dec-2018 14:31:50 America/Chicago] PHP Warning:  require(D:\home\caribeanservice.com\wwwroot\vendor/guzzlehttp/promises/src/functions_include.php): failed to open stream: No such file or directory in D:\home\caribeanservice.com\wwwroot\vendor\composer\autoload_real.php on line 66
[11-Dec-2018 14:31:50 America/Chicago] PHP Warning:  require(D:\home\caribeanservice.com\wwwroot\vendor/guzzlehttp/promises/src/functions_include.php): failed to open stream: No such file or directory in D:\home\caribeanservice.com\wwwroot\vendor\composer\autoload_real.php on line 66
[11-Dec-2018 14:31:50 America/Chicago] PHP Fatal error:  require(): Failed opening required 'D:\home\caribeanservice.com\wwwroot\vendor/guzzlehttp/promises/src/functions_include.php' (include_path='.;C:\php\pear') in D:\home\caribeanservice.com\wwwroot\vendor\composer\autoload_real.php on line 66
[11-Dec-2018 14:31:50 America/Chicago] PHP Warning:  require(D:\home\caribeanservice.com\wwwroot\vendor/guzzlehttp/promises/src/functions_include.php): failed to open stream: No such file or directory in D:\home\caribeanservice.com\wwwroot\vendor\composer\autoload_real.php on line 66
[11-Dec-2018 14:31:50 America/Chicago] PHP Warning:  require(D:\home\caribeanservice.com\wwwroot\vendor/guzzlehttp/promises/src/functions_include.php): failed to open stream: No such file or directory in D:\home\caribeanservice.com\wwwroot\vendor\composer\autoload_real.php on line 66
[11-Dec-2018 14:31:50 America/Chicago] PHP Fatal error:  require(): Failed opening required 'D:\home\caribeanservice.com\wwwroot\vendor/guzzlehttp/promises/src/functions_include.php' (include_path='.;C:\php\pear') in D:\home\caribeanservice.com\wwwroot\vendor\composer\autoload_real.php on line 66
[11-Dec-2018 14:32:48 America/Chicago] PHP Fatal error:  Call to undefined function GuzzleHttp\Handler\curl_reset() in D:\home\caribeanservice.com\wwwroot\vendor\guzzlehttp\guzzle\src\Handler\CurlFactory.php on line 77
[11-Dec-2018 14:32:50 America/Chicago] PHP Fatal error:  Call to undefined function GuzzleHttp\Handler\curl_reset() in D:\home\caribeanservice.com\wwwroot\vendor\guzzlehttp\guzzle\src\Handler\CurlFactory.php on line 77
[11-Dec-2018 14:32:55 America/Chicago] PHP Fatal error:  Call to undefined function GuzzleHttp\Handler\curl_reset() in D:\home\caribeanservice.com\wwwroot\vendor\guzzlehttp\guzzle\src\Handler\CurlFactory.php on line 77
[11-Dec-2018 14:32:55 America/Chicago] PHP Fatal error:  Call to undefined function GuzzleHttp\Handler\curl_reset() in D:\home\caribeanservice.com\wwwroot\vendor\guzzlehttp\guzzle\src\Handler\CurlFactory.php on line 77
[11-Dec-2018 14:32:59 America/Chicago] PHP Fatal error:  Call to undefined function GuzzleHttp\Handler\curl_reset() in D:\home\caribeanservice.com\wwwroot\vendor\guzzlehttp\guzzle\src\Handler\CurlFactory.php on line 77
[11-Dec-2018 14:33:00 America/Chicago] PHP Fatal error:  Call to undefined function GuzzleHttp\Handler\curl_reset() in D:\home\caribeanservice.com\wwwroot\vendor\guzzlehttp\guzzle\src\Handler\CurlFactory.php on line 77
[11-Dec-2018 14:33:02 America/Chicago] PHP Fatal error:  Call to undefined function GuzzleHttp\Handler\curl_reset() in D:\home\caribeanservice.com\wwwroot\vendor\guzzlehttp\guzzle\src\Handler\CurlFactory.php on line 77
[11-Dec-2018 14:34:47 America/Chicago] PHP Fatal error:  Call to undefined function GuzzleHttp\Handler\curl_reset() in D:\home\caribeanservice.com\wwwroot\vendor\guzzlehttp\guzzle\src\Handler\CurlFactory.php on line 77
[11-Dec-2018 14:34:47 America/Chicago] PHP Fatal error:  Call to undefined function GuzzleHttp\Handler\curl_reset() in D:\home\caribeanservice.com\wwwroot\vendor\guzzlehttp\guzzle\src\Handler\CurlFactory.php on line 77
[11-Dec-2018 14:34:47 America/Chicago] PHP Fatal error:  Call to undefined function GuzzleHttp\Handler\curl_reset() in D:\home\caribeanservice.com\wwwroot\vendor\guzzlehttp\guzzle\src\Handler\CurlFactory.php on line 77
[11-Dec-2018 14:34:47 America/Chicago] PHP Fatal error:  Call to undefined function GuzzleHttp\Handler\curl_reset() in D:\home\caribeanservice.com\wwwroot\vendor\guzzlehttp\guzzle\src\Handler\CurlFactory.php on line 77
[11-Dec-2018 14:36:29 America/Chicago] PHP Fatal error:  Call to undefined function GuzzleHttp\Handler\curl_reset() in D:\home\caribeanservice.com\wwwroot\vendor\guzzlehttp\guzzle\src\Handler\CurlFactory.php on line 77
[11-Dec-2018 14:36:29 America/Chicago] PHP Fatal error:  Call to undefined function GuzzleHttp\Handler\curl_reset() in D:\home\caribeanservice.com\wwwroot\vendor\guzzlehttp\guzzle\src\Handler\CurlFactory.php on line 77
[11-Dec-2018 14:36:30 America/Chicago] PHP Fatal error:  Call to undefined function GuzzleHttp\Handler\curl_reset() in D:\home\caribeanservice.com\wwwroot\vendor\guzzlehttp\guzzle\src\Handler\CurlFactory.php on line 77
[11-Dec-2018 14:36:30 America/Chicago] PHP Fatal error:  Call to undefined function GuzzleHttp\Handler\curl_reset() in D:\home\caribeanservice.com\wwwroot\vendor\guzzlehttp\guzzle\src\Handler\CurlFactory.php on line 77
[11-Dec-2018 14:38:16 America/Chicago] PHP Fatal error:  Call to undefined function GuzzleHttp\Handler\curl_reset() in D:\home\caribeanservice.com\wwwroot\vendor\guzzlehttp\guzzle\src\Handler\CurlFactory.php on line 77
[11-Dec-2018 14:38:39 America/Chicago] PHP Fatal error:  Call to undefined function GuzzleHttp\Handler\curl_reset() in D:\home\caribeanservice.com\wwwroot\vendor\guzzlehttp\guzzle\src\Handler\CurlFactory.php on line 77
[11-Dec-2018 14:38:39 America/Chicago] PHP Fatal error:  Call to undefined function GuzzleHttp\Handler\curl_reset() in D:\home\caribeanservice.com\wwwroot\vendor\guzzlehttp\guzzle\src\Handler\CurlFactory.php on line 77
[11-Dec-2018 14:38:41 America/Chicago] PHP Fatal error:  Call to undefined function GuzzleHttp\Handler\curl_reset() in D:\home\caribeanservice.com\wwwroot\vendor\guzzlehttp\guzzle\src\Handler\CurlFactory.php on line 77
[11-Dec-2018 14:38:43 America/Chicago] PHP Fatal error:  Call to undefined function GuzzleHttp\Handler\curl_reset() in D:\home\caribeanservice.com\wwwroot\vendor\guzzlehttp\guzzle\src\Handler\CurlFactory.php on line 77
[11-Dec-2018 14:39:09 America/Chicago] PHP Fatal error:  Call to undefined function GuzzleHttp\Handler\curl_reset() in D:\home\caribeanservice.com\wwwroot\vendor\guzzlehttp\guzzle\src\Handler\CurlFactory.php on line 77
[11-Dec-2018 14:39:09 America/Chicago] PHP Fatal error:  Call to undefined function GuzzleHttp\Handler\curl_reset() in D:\home\caribeanservice.com\wwwroot\vendor\guzzlehttp\guzzle\src\Handler\CurlFactory.php on line 77
[11-Dec-2018 14:39:09 America/Chicago] PHP Fatal error:  Call to undefined function GuzzleHttp\Handler\curl_reset() in D:\home\caribeanservice.com\wwwroot\vendor\guzzlehttp\guzzle\src\Handler\CurlFactory.php on line 77
[11-Dec-2018 14:39:11 America/Chicago] PHP Fatal error:  Call to undefined function GuzzleHttp\Handler\curl_reset() in D:\home\caribeanservice.com\wwwroot\vendor\guzzlehttp\guzzle\src\Handler\CurlFactory.php on line 77
[11-Dec-2018 14:39:23 America/Chicago] PHP Fatal error:  Call to undefined function GuzzleHttp\Handler\curl_reset() in D:\home\caribeanservice.com\wwwroot\vendor\guzzlehttp\guzzle\src\Handler\CurlFactory.php on line 77
[11-Dec-2018 14:39:23 America/Chicago] PHP Fatal error:  Call to undefined function GuzzleHttp\Handler\curl_reset() in D:\home\caribeanservice.com\wwwroot\vendor\guzzlehttp\guzzle\src\Handler\CurlFactory.php on line 77
[11-Dec-2018 14:39:23 America/Chicago] PHP Fatal error:  Call to undefined function GuzzleHttp\Handler\curl_reset() in D:\home\caribeanservice.com\wwwroot\vendor\guzzlehttp\guzzle\src\Handler\CurlFactory.php on line 77
[11-Dec-2018 14:39:23 America/Chicago] PHP Fatal error:  Call to undefined function GuzzleHttp\Handler\curl_reset() in D:\home\caribeanservice.com\wwwroot\vendor\guzzlehttp\guzzle\src\Handler\CurlFactory.php on line 77
[11-Dec-2018 14:39:48 America/Chicago] PHP Fatal error:  Call to undefined function GuzzleHttp\Handler\curl_reset() in D:\home\caribeanservice.com\wwwroot\vendor\guzzlehttp\guzzle\src\Handler\CurlFactory.php on line 77
[11-Dec-2018 14:39:48 America/Chicago] PHP Fatal error:  Call to undefined function GuzzleHttp\Handler\curl_reset() in D:\home\caribeanservice.com\wwwroot\vendor\guzzlehttp\guzzle\src\Handler\CurlFactory.php on line 77
[11-Dec-2018 14:39:48 America/Chicago] PHP Fatal error:  Call to undefined function GuzzleHttp\Handler\curl_reset() in D:\home\caribeanservice.com\wwwroot\vendor\guzzlehttp\guzzle\src\Handler\CurlFactory.php on line 77
[11-Dec-2018 14:39:48 America/Chicago] PHP Fatal error:  Call to undefined function GuzzleHttp\Handler\curl_reset() in D:\home\caribeanservice.com\wwwroot\vendor\guzzlehttp\guzzle\src\Handler\CurlFactory.php on line 77
[11-Dec-2018 14:40:37 America/Chicago] PHP Fatal error:  Call to undefined function GuzzleHttp\Handler\curl_reset() in D:\home\caribeanservice.com\wwwroot\vendor\guzzlehttp\guzzle\src\Handler\CurlFactory.php on line 77
[11-Dec-2018 14:40:37 America/Chicago] PHP Fatal error:  Call to undefined function GuzzleHttp\Handler\curl_reset() in D:\home\caribeanservice.com\wwwroot\vendor\guzzlehttp\guzzle\src\Handler\CurlFactory.php on line 77
[11-Dec-2018 14:40:38 America/Chicago] PHP Fatal error:  Call to undefined function GuzzleHttp\Handler\curl_reset() in D:\home\caribeanservice.com\wwwroot\vendor\guzzlehttp\guzzle\src\Handler\CurlFactory.php on line 77
[11-Dec-2018 14:40:42 America/Chicago] PHP Fatal error:  Call to undefined function GuzzleHttp\Handler\curl_reset() in D:\home\caribeanservice.com\wwwroot\vendor\guzzlehttp\guzzle\src\Handler\CurlFactory.php on line 77
[11-Dec-2018 14:41:34 America/Chicago] PHP Fatal error:  Call to undefined function GuzzleHttp\Handler\curl_reset() in D:\home\caribeanservice.com\wwwroot\vendor\guzzlehttp\guzzle\src\Handler\CurlFactory.php on line 77
[11-Dec-2018 14:41:38 America/Chicago] PHP Fatal error:  Call to undefined function GuzzleHttp\Handler\curl_reset() in D:\home\caribeanservice.com\wwwroot\vendor\guzzlehttp\guzzle\src\Handler\CurlFactory.php on line 77
[11-Dec-2018 14:41:38 America/Chicago] PHP Fatal error:  Call to undefined function GuzzleHttp\Handler\curl_reset() in D:\home\caribeanservice.com\wwwroot\vendor\guzzlehttp\guzzle\src\Handler\CurlFactory.php on line 77
[11-Dec-2018 14:41:38 America/Chicago] PHP Fatal error:  Call to undefined function GuzzleHttp\Handler\curl_reset() in D:\home\caribeanservice.com\wwwroot\vendor\guzzlehttp\guzzle\src\Handler\CurlFactory.php on line 77
[11-Dec-2018 14:41:38 America/Chicago] PHP Fatal error:  Call to undefined function GuzzleHttp\Handler\curl_reset() in D:\home\caribeanservice.com\wwwroot\vendor\guzzlehttp\guzzle\src\Handler\CurlFactory.php on line 77
[11-Dec-2018 14:47:29 America/Chicago] PHP Fatal error:  Call to undefined function GuzzleHttp\Handler\curl_reset() in D:\home\caribeanservice.com\wwwroot\vendor\guzzlehttp\guzzle\src\Handler\CurlFactory.php on line 77
[11-Dec-2018 14:47:30 America/Chicago] PHP Fatal error:  Call to undefined function GuzzleHttp\Handler\curl_reset() in D:\home\caribeanservice.com\wwwroot\vendor\guzzlehttp\guzzle\src\Handler\CurlFactory.php on line 77
[11-Dec-2018 14:47:31 America/Chicago] PHP Fatal error:  Call to undefined function GuzzleHttp\Handler\curl_reset() in D:\home\caribeanservice.com\wwwroot\vendor\guzzlehttp\guzzle\src\Handler\CurlFactory.php on line 77
[11-Dec-2018 14:47:31 America/Chicago] PHP Fatal error:  Call to undefined function GuzzleHttp\Handler\curl_reset() in D:\home\caribeanservice.com\wwwroot\vendor\guzzlehttp\guzzle\src\Handler\CurlFactory.php on line 77
[11-Dec-2018 14:49:32 America/Chicago] PHP Fatal error:  Uncaught exception 'PDOException' with message 'SQLSTATE[HY000] [2002] No connection could be made because the target machine actively refused it.
' in D:\home\caribeanservice.com\wwwroot\vendor\slim\pdo\src\PDO\Database.php:34
Stack trace:
#0 D:\home\caribeanservice.com\wwwroot\vendor\slim\pdo\src\PDO\Database.php(34): PDO->__construct('mysql:host=loca...', 'id6793594_root', '123456', Array)
#1 D:\home\caribeanservice.com\wwwroot\Request\PublicarProyecto.php(9): Slim\PDO\Database->__construct('mysql:host=loca...', 'id6793594_root', '123456')
#2 {main}
  thrown in D:\home\caribeanservice.com\wwwroot\vendor\slim\pdo\src\PDO\Database.php on line 34
[11-Dec-2018 14:50:31 America/Chicago] PHP Fatal error:  Call to undefined function GuzzleHttp\Handler\curl_reset() in D:\home\caribeanservice.com\wwwroot\vendor\guzzlehttp\guzzle\src\Handler\CurlFactory.php on line 77
[11-Dec-2018 14:50:31 America/Chicago] PHP Fatal error:  Call to undefined function GuzzleHttp\Handler\curl_reset() in D:\home\caribeanservice.com\wwwroot\vendor\guzzlehttp\guzzle\src\Handler\CurlFactory.php on line 77
[11-Dec-2018 14:50:31 America/Chicago] PHP Fatal error:  Call to undefined function GuzzleHttp\Handler\curl_reset() in D:\home\caribeanservice.com\wwwroot\vendor\guzzlehttp\guzzle\src\Handler\CurlFactory.php on line 77
[11-Dec-2018 14:50:31 America/Chicago] PHP Fatal error:  Call to undefined function GuzzleHttp\Handler\curl_reset() in D:\home\caribeanservice.com\wwwroot\vendor\guzzlehttp\guzzle\src\Handler\CurlFactory.php on line 77
[11-Dec-2018 14:51:22 America/Chicago] PHP Fatal error:  Call to undefined function GuzzleHttp\Handler\curl_reset() in D:\home\caribeanservice.com\wwwroot\vendor\guzzlehttp\guzzle\src\Handler\CurlFactory.php on line 77
[11-Dec-2018 14:51:22 America/Chicago] PHP Fatal error:  Call to undefined function GuzzleHttp\Handler\curl_reset() in D:\home\caribeanservice.com\wwwroot\vendor\guzzlehttp\guzzle\src\Handler\CurlFactory.php on line 77
[11-Dec-2018 14:51:22 America/Chicago] PHP Fatal error:  Call to undefined function GuzzleHttp\Handler\curl_reset() in D:\home\caribeanservice.com\wwwroot\vendor\guzzlehttp\guzzle\src\Handler\CurlFactory.php on line 77
[11-Dec-2018 14:51:27 America/Chicago] PHP Fatal error:  Call to undefined function GuzzleHttp\Handler\curl_reset() in D:\home\caribeanservice.com\wwwroot\vendor\guzzlehttp\guzzle\src\Handler\CurlFactory.php on line 77
[11-Dec-2018 14:51:46 America/Chicago] PHP Fatal error:  Call to undefined function GuzzleHttp\Handler\curl_reset() in D:\home\caribeanservice.com\wwwroot\vendor\guzzlehttp\guzzle\src\Handler\CurlFactory.php on line 77
[11-Dec-2018 14:51:47 America/Chicago] PHP Fatal error:  Call to undefined function GuzzleHttp\Handler\curl_reset() in D:\home\caribeanservice.com\wwwroot\vendor\guzzlehttp\guzzle\src\Handler\CurlFactory.php on line 77
[11-Dec-2018 14:51:47 America/Chicago] PHP Fatal error:  Call to undefined function GuzzleHttp\Handler\curl_reset() in D:\home\caribeanservice.com\wwwroot\vendor\guzzlehttp\guzzle\src\Handler\CurlFactory.php on line 77
[11-Dec-2018 14:51:47 America/Chicago] PHP Fatal error:  Call to undefined function GuzzleHttp\Handler\curl_reset() in D:\home\caribeanservice.com\wwwroot\vendor\guzzlehttp\guzzle\src\Handler\CurlFactory.php on line 77
[11-Dec-2018 14:54:40 America/Chicago] PHP Fatal error:  Call to undefined function GuzzleHttp\Handler\curl_reset() in D:\home\caribeanservice.com\wwwroot\vendor\guzzlehttp\guzzle\src\Handler\CurlFactory.php on line 77
[11-Dec-2018 14:54:40 America/Chicago] PHP Fatal error:  Call to undefined function GuzzleHttp\Handler\curl_reset() in D:\home\caribeanservice.com\wwwroot\vendor\guzzlehttp\guzzle\src\Handler\CurlFactory.php on line 77
[11-Dec-2018 14:54:40 America/Chicago] PHP Fatal error:  Call to undefined function GuzzleHttp\Handler\curl_reset() in D:\home\caribeanservice.com\wwwroot\vendor\guzzlehttp\guzzle\src\Handler\CurlFactory.php on line 77
[11-Dec-2018 14:54:46 America/Chicago] PHP Fatal error:  Call to undefined function GuzzleHttp\Handler\curl_reset() in D:\home\caribeanservice.com\wwwroot\vendor\guzzlehttp\guzzle\src\Handler\CurlFactory.php on line 77
[11-Dec-2018 14:55:34 America/Chicago] PHP Fatal error:  Call to undefined function GuzzleHttp\Handler\curl_reset() in D:\home\caribeanservice.com\wwwroot\vendor\guzzlehttp\guzzle\src\Handler\CurlFactory.php on line 77
[11-Dec-2018 14:55:34 America/Chicago] PHP Fatal error:  Call to undefined function GuzzleHttp\Handler\curl_reset() in D:\home\caribeanservice.com\wwwroot\vendor\guzzlehttp\guzzle\src\Handler\CurlFactory.php on line 77
[11-Dec-2018 14:55:34 America/Chicago] PHP Fatal error:  Call to undefined function GuzzleHttp\Handler\curl_reset() in D:\home\caribeanservice.com\wwwroot\vendor\guzzlehttp\guzzle\src\Handler\CurlFactory.php on line 77
[11-Dec-2018 14:55:35 America/Chicago] PHP Fatal error:  Call to undefined function GuzzleHttp\Handler\curl_reset() in D:\home\caribeanservice.com\wwwroot\vendor\guzzlehttp\guzzle\src\Handler\CurlFactory.php on line 77
[11-Dec-2018 14:56:53 America/Chicago] PHP Fatal error:  Call to undefined function GuzzleHttp\Handler\curl_reset() in D:\home\caribeanservice.com\wwwroot\vendor\guzzlehttp\guzzle\src\Handler\CurlFactory.php on line 77
[11-Dec-2018 14:56:53 America/Chicago] PHP Fatal error:  Call to undefined function GuzzleHttp\Handler\curl_reset() in D:\home\caribeanservice.com\wwwroot\vendor\guzzlehttp\guzzle\src\Handler\CurlFactory.php on line 77
[11-Dec-2018 14:56:53 America/Chicago] PHP Fatal error:  Call to undefined function GuzzleHttp\Handler\curl_reset() in D:\home\caribeanservice.com\wwwroot\vendor\guzzlehttp\guzzle\src\Handler\CurlFactory.php on line 77
[11-Dec-2018 14:56:57 America/Chicago] PHP Fatal error:  Call to undefined function GuzzleHttp\Handler\curl_reset() in D:\home\caribeanservice.com\wwwroot\vendor\guzzlehttp\guzzle\src\Handler\CurlFactory.php on line 77
[11-Dec-2018 14:57:04 America/Chicago] PHP Fatal error:  Call to undefined function GuzzleHttp\Handler\curl_reset() in D:\home\caribeanservice.com\wwwroot\vendor\guzzlehttp\guzzle\src\Handler\CurlFactory.php on line 77
[11-Dec-2018 14:57:04 America/Chicago] PHP Fatal error:  Call to undefined function GuzzleHttp\Handler\curl_reset() in D:\home\caribeanservice.com\wwwroot\vendor\guzzlehttp\guzzle\src\Handler\CurlFactory.php on line 77
[11-Dec-2018 14:57:05 America/Chicago] PHP Fatal error:  Call to undefined function GuzzleHttp\Handler\curl_reset() in D:\home\caribeanservice.com\wwwroot\vendor\guzzlehttp\guzzle\src\Handler\CurlFactory.php on line 77
[11-Dec-2018 14:57:05 America/Chicago] PHP Fatal error:  Call to undefined function GuzzleHttp\Handler\curl_reset() in D:\home\caribeanservice.com\wwwroot\vendor\guzzlehttp\guzzle\src\Handler\CurlFactory.php on line 77
[11-Dec-2018 14:57:49 America/Chicago] PHP Fatal error:  Call to undefined function GuzzleHttp\Handler\curl_reset() in D:\home\caribeanservice.com\wwwroot\vendor\guzzlehttp\guzzle\src\Handler\CurlFactory.php on line 77
[11-Dec-2018 14:57:49 America/Chicago] PHP Fatal error:  Call to undefined function GuzzleHttp\Handler\curl_reset() in D:\home\caribeanservice.com\wwwroot\vendor\guzzlehttp\guzzle\src\Handler\CurlFactory.php on line 77
[11-Dec-2018 14:57:49 America/Chicago] PHP Fatal error:  Call to undefined function GuzzleHttp\Handler\curl_reset() in D:\home\caribeanservice.com\wwwroot\vendor\guzzlehttp\guzzle\src\Handler\CurlFactory.php on line 77
[11-Dec-2018 14:57:54 America/Chicago] PHP Fatal error:  Call to undefined function GuzzleHttp\Handler\curl_reset() in D:\home\caribeanservice.com\wwwroot\vendor\guzzlehttp\guzzle\src\Handler\CurlFactory.php on line 77
[11-Dec-2018 14:58:05 America/Chicago] PHP Fatal error:  Call to undefined function GuzzleHttp\Handler\curl_reset() in D:\home\caribeanservice.com\wwwroot\vendor\guzzlehttp\guzzle\src\Handler\CurlFactory.php on line 77
[11-Dec-2018 14:58:05 America/Chicago] PHP Fatal error:  Call to undefined function GuzzleHttp\Handler\curl_reset() in D:\home\caribeanservice.com\wwwroot\vendor\guzzlehttp\guzzle\src\Handler\CurlFactory.php on line 77
[11-Dec-2018 14:58:05 America/Chicago] PHP Fatal error:  Call to undefined function GuzzleHttp\Handler\curl_reset() in D:\home\caribeanservice.com\wwwroot\vendor\guzzlehttp\guzzle\src\Handler\CurlFactory.php on line 77
[11-Dec-2018 14:58:05 America/Chicago] PHP Fatal error:  Call to undefined function GuzzleHttp\Handler\curl_reset() in D:\home\caribeanservice.com\wwwroot\vendor\guzzlehttp\guzzle\src\Handler\CurlFactory.php on line 77
[11-Dec-2018 15:03:15 America/Chicago] PHP Fatal error:  Call to undefined function GuzzleHttp\Handler\curl_reset() in D:\home\caribeanservice.com\wwwroot\vendor\guzzlehttp\guzzle\src\Handler\CurlFactory.php on line 77
[11-Dec-2018 15:03:19 America/Chicago] PHP Fatal error:  Call to undefined function GuzzleHttp\Handler\curl_reset() in D:\home\caribeanservice.com\wwwroot\vendor\guzzlehttp\guzzle\src\Handler\CurlFactory.php on line 77
[11-Dec-2018 15:05:45 America/Chicago] PHP Fatal error:  Call to undefined function GuzzleHttp\Handler\curl_reset() in D:\home\caribeanservice.com\wwwroot\vendor\guzzlehttp\guzzle\src\Handler\CurlFactory.php on line 77
[11-Dec-2018 15:05:45 America/Chicago] PHP Fatal error:  Call to undefined function GuzzleHttp\Handler\curl_reset() in D:\home\caribeanservice.com\wwwroot\vendor\guzzlehttp\guzzle\src\Handler\CurlFactory.php on line 77
[11-Dec-2018 15:05:47 America/Chicago] PHP Fatal error:  Call to undefined function GuzzleHttp\Handler\curl_reset() in D:\home\caribeanservice.com\wwwroot\vendor\guzzlehttp\guzzle\src\Handler\CurlFactory.php on line 77
[11-Dec-2018 15:05:50 America/Chicago] PHP Fatal error:  Call to undefined function GuzzleHttp\Handler\curl_reset() in D:\home\caribeanservice.com\wwwroot\vendor\guzzlehttp\guzzle\src\Handler\CurlFactory.php on line 77
[11-Dec-2018 15:08:27 America/Chicago] PHP Fatal error:  Call to undefined function GuzzleHttp\Handler\curl_reset() in D:\home\caribeanservice.com\wwwroot\vendor\guzzlehttp\guzzle\src\Handler\CurlFactory.php on line 77
[11-Dec-2018 15:08:27 America/Chicago] PHP Fatal error:  Call to undefined function GuzzleHttp\Handler\curl_reset() in D:\home\caribeanservice.com\wwwroot\vendor\guzzlehttp\guzzle\src\Handler\CurlFactory.php on line 77
[11-Dec-2018 15:08:27 America/Chicago] PHP Fatal error:  Call to undefined function GuzzleHttp\Handler\curl_reset() in D:\home\caribeanservice.com\wwwroot\vendor\guzzlehttp\guzzle\src\Handler\CurlFactory.php on line 77
[11-Dec-2018 15:08:29 America/Chicago] PHP Fatal error:  Call to undefined function GuzzleHttp\Handler\curl_reset() in D:\home\caribeanservice.com\wwwroot\vendor\guzzlehttp\guzzle\src\Handler\CurlFactory.php on line 77
[11-Dec-2018 15:08:38 America/Chicago] PHP Fatal error:  Call to undefined function GuzzleHttp\Handler\curl_reset() in D:\home\caribeanservice.com\wwwroot\vendor\guzzlehttp\guzzle\src\Handler\CurlFactory.php on line 77
[11-Dec-2018 15:08:40 America/Chicago] PHP Fatal error:  Call to undefined function GuzzleHttp\Handler\curl_reset() in D:\home\caribeanservice.com\wwwroot\vendor\guzzlehttp\guzzle\src\Handler\CurlFactory.php on line 77
[11-Dec-2018 15:08:40 America/Chicago] PHP Fatal error:  Call to undefined function GuzzleHttp\Handler\curl_reset() in D:\home\caribeanservice.com\wwwroot\vendor\guzzlehttp\guzzle\src\Handler\CurlFactory.php on line 77
[11-Dec-2018 15:09:45 America/Chicago] PHP Fatal error:  Call to undefined function GuzzleHttp\Handler\curl_reset() in D:\home\caribeanservice.com\wwwroot\vendor\guzzlehttp\guzzle\src\Handler\CurlFactory.php on line 77
[11-Dec-2018 15:09:45 America/Chicago] PHP Fatal error:  Call to undefined function GuzzleHttp\Handler\curl_reset() in D:\home\caribeanservice.com\wwwroot\vendor\guzzlehttp\guzzle\src\Handler\CurlFactory.php on line 77
[11-Dec-2018 15:09:45 America/Chicago] PHP Fatal error:  Call to undefined function GuzzleHttp\Handler\curl_reset() in D:\home\caribeanservice.com\wwwroot\vendor\guzzlehttp\guzzle\src\Handler\CurlFactory.php on line 77
[11-Dec-2018 15:09:50 America/Chicago] PHP Fatal error:  Call to undefined function GuzzleHttp\Handler\curl_reset() in D:\home\caribeanservice.com\wwwroot\vendor\guzzlehttp\guzzle\src\Handler\CurlFactory.php on line 77
[11-Dec-2018 15:11:13 America/Chicago] PHP Fatal error:  Call to undefined function GuzzleHttp\Handler\curl_reset() in D:\home\caribeanservice.com\wwwroot\vendor\guzzlehttp\guzzle\src\Handler\CurlFactory.php on line 77
[11-Dec-2018 15:11:19 America/Chicago] PHP Fatal error:  Call to undefined function GuzzleHttp\Handler\curl_reset() in D:\home\caribeanservice.com\wwwroot\vendor\guzzlehttp\guzzle\src\Handler\CurlFactory.php on line 77
[11-Dec-2018 15:11:19 America/Chicago] PHP Fatal error:  Call to undefined function GuzzleHttp\Handler\curl_reset() in D:\home\caribeanservice.com\wwwroot\vendor\guzzlehttp\guzzle\src\Handler\CurlFactory.php on line 77
[11-Dec-2018 15:11:20 America/Chicago] PHP Fatal error:  Call to undefined function GuzzleHttp\Handler\curl_reset() in D:\home\caribeanservice.com\wwwroot\vendor\guzzlehttp\guzzle\src\Handler\CurlFactory.php on line 77
[11-Dec-2018 15:11:24 America/Chicago] PHP Fatal error:  Call to undefined function GuzzleHttp\Handler\curl_reset() in D:\home\caribeanservice.com\wwwroot\vendor\guzzlehttp\guzzle\src\Handler\CurlFactory.php on line 77
[11-Dec-2018 15:13:05 America/Chicago] PHP Fatal error:  Call to undefined function GuzzleHttp\Handler\curl_reset() in D:\home\caribeanservice.com\wwwroot\vendor\guzzlehttp\guzzle\src\Handler\CurlFactory.php on line 77
[11-Dec-2018 15:13:05 America/Chicago] PHP Fatal error:  Call to undefined function GuzzleHttp\Handler\curl_reset() in D:\home\caribeanservice.com\wwwroot\vendor\guzzlehttp\guzzle\src\Handler\CurlFactory.php on line 77
[11-Dec-2018 15:13:05 America/Chicago] PHP Fatal error:  Call to undefined function GuzzleHttp\Handler\curl_reset() in D:\home\caribeanservice.com\wwwroot\vendor\guzzlehttp\guzzle\src\Handler\CurlFactory.php on line 77
[11-Dec-2018 15:13:05 America/Chicago] PHP Fatal error:  Call to undefined function GuzzleHttp\Handler\curl_reset() in D:\home\caribeanservice.com\wwwroot\vendor\guzzlehttp\guzzle\src\Handler\CurlFactory.php on line 77
[11-Dec-2018 15:15:04 America/Chicago] PHP Fatal error:  Call to undefined function GuzzleHttp\Handler\curl_reset() in D:\home\caribeanservice.com\wwwroot\vendor\guzzlehttp\guzzle\src\Handler\CurlFactory.php on line 77
[11-Dec-2018 15:15:04 America/Chicago] PHP Fatal error:  Call to undefined function GuzzleHttp\Handler\curl_reset() in D:\home\caribeanservice.com\wwwroot\vendor\guzzlehttp\guzzle\src\Handler\CurlFactory.php on line 77
[11-Dec-2018 15:15:05 America/Chicago] PHP Fatal error:  Call to undefined function GuzzleHttp\Handler\curl_reset() in D:\home\caribeanservice.com\wwwroot\vendor\guzzlehttp\guzzle\src\Handler\CurlFactory.php on line 77
[11-Dec-2018 15:15:06 America/Chicago] PHP Fatal error:  Call to undefined function GuzzleHttp\Handler\curl_reset() in D:\home\caribeanservice.com\wwwroot\vendor\guzzlehttp\guzzle\src\Handler\CurlFactory.php on line 77
[11-Dec-2018 15:16:26 America/Chicago] PHP Fatal error:  Call to undefined function GuzzleHttp\Handler\curl_reset() in D:\home\caribeanservice.com\wwwroot\vendor\guzzlehttp\guzzle\src\Handler\CurlFactory.php on line 77
[11-Dec-2018 15:16:26 America/Chicago] PHP Fatal error:  Call to undefined function GuzzleHttp\Handler\curl_reset() in D:\home\caribeanservice.com\wwwroot\vendor\guzzlehttp\guzzle\src\Handler\CurlFactory.php on line 77
[11-Dec-2018 15:16:26 America/Chicago] PHP Fatal error:  Call to undefined function GuzzleHttp\Handler\curl_reset() in D:\home\caribeanservice.com\wwwroot\vendor\guzzlehttp\guzzle\src\Handler\CurlFactory.php on line 77
[11-Dec-2018 15:16:27 America/Chicago] PHP Fatal error:  Call to undefined function GuzzleHttp\Handler\curl_reset() in D:\home\caribeanservice.com\wwwroot\vendor\guzzlehttp\guzzle\src\Handler\CurlFactory.php on line 77
[11-Dec-2018 15:17:23 America/Chicago] PHP Fatal error:  Call to undefined function GuzzleHttp\Handler\curl_reset() in D:\home\caribeanservice.com\wwwroot\vendor\guzzlehttp\guzzle\src\Handler\CurlFactory.php on line 77
[11-Dec-2018 15:17:23 America/Chicago] PHP Fatal error:  Call to undefined function GuzzleHttp\Handler\curl_reset() in D:\home\caribeanservice.com\wwwroot\vendor\guzzlehttp\guzzle\src\Handler\CurlFactory.php on line 77
[11-Dec-2018 15:17:24 America/Chicago] PHP Fatal error:  Call to undefined function GuzzleHttp\Handler\curl_reset() in D:\home\caribeanservice.com\wwwroot\vendor\guzzlehttp\guzzle\src\Handler\CurlFactory.php on line 77
[11-Dec-2018 15:17:24 America/Chicago] PHP Fatal error:  Call to undefined function GuzzleHttp\Handler\curl_reset() in D:\home\caribeanservice.com\wwwroot\vendor\guzzlehttp\guzzle\src\Handler\CurlFactory.php on line 77
[11-Dec-2018 15:18:58 America/Chicago] PHP Fatal error:  Call to undefined function GuzzleHttp\Handler\curl_reset() in D:\home\caribeanservice.com\wwwroot\vendor\guzzlehttp\guzzle\src\Handler\CurlFactory.php on line 77
[11-Dec-2018 15:19:12 America/Chicago] PHP Fatal error:  Call to undefined function GuzzleHttp\Handler\curl_reset() in D:\home\caribeanservice.com\wwwroot\vendor\guzzlehttp\guzzle\src\Handler\CurlFactory.php on line 77
[11-Dec-2018 15:19:12 America/Chicago] PHP Fatal error:  Call to undefined function GuzzleHttp\Handler\curl_reset() in D:\home\caribeanservice.com\wwwroot\vendor\guzzlehttp\guzzle\src\Handler\CurlFactory.php on line 77
[11-Dec-2018 15:19:16 America/Chicago] PHP Fatal error:  Call to undefined function GuzzleHttp\Handler\curl_reset() in D:\home\caribeanservice.com\wwwroot\vendor\guzzlehttp\guzzle\src\Handler\CurlFactory.php on line 77
[11-Dec-2018 15:19:16 America/Chicago] PHP Fatal error:  Call to undefined function GuzzleHttp\Handler\curl_reset() in D:\home\caribeanservice.com\wwwroot\vendor\guzzlehttp\guzzle\src\Handler\CurlFactory.php on line 77
[11-Dec-2018 15:21:06 America/Chicago] PHP Fatal error:  Call to undefined function GuzzleHttp\Handler\curl_reset() in D:\home\caribeanservice.com\wwwroot\vendor\guzzlehttp\guzzle\src\Handler\CurlFactory.php on line 77
[11-Dec-2018 15:21:07 America/Chicago] PHP Fatal error:  Call to undefined function GuzzleHttp\Handler\curl_reset() in D:\home\caribeanservice.com\wwwroot\vendor\guzzlehttp\guzzle\src\Handler\CurlFactory.php on line 77
[11-Dec-2018 15:21:07 America/Chicago] PHP Fatal error:  Call to undefined function GuzzleHttp\Handler\curl_reset() in D:\home\caribeanservice.com\wwwroot\vendor\guzzlehttp\guzzle\src\Handler\CurlFactory.php on line 77
[11-Dec-2018 15:21:10 America/Chicago] PHP Fatal error:  Call to undefined function GuzzleHttp\Handler\curl_reset() in D:\home\caribeanservice.com\wwwroot\vendor\guzzlehttp\guzzle\src\Handler\CurlFactory.php on line 77
[11-Dec-2018 15:21:44 America/Chicago] PHP Fatal error:  Call to undefined function GuzzleHttp\Handler\curl_reset() in D:\home\caribeanservice.com\wwwroot\vendor\guzzlehttp\guzzle\src\Handler\CurlFactory.php on line 77
[11-Dec-2018 15:21:44 America/Chicago] PHP Fatal error:  Call to undefined function GuzzleHttp\Handler\curl_reset() in D:\home\caribeanservice.com\wwwroot\vendor\guzzlehttp\guzzle\src\Handler\CurlFactory.php on line 77
[11-Dec-2018 15:21:45 America/Chicago] PHP Fatal error:  Call to undefined function GuzzleHttp\Handler\curl_reset() in D:\home\caribeanservice.com\wwwroot\vendor\guzzlehttp\guzzle\src\Handler\CurlFactory.php on line 77
[11-Dec-2018 15:21:45 America/Chicago] PHP Fatal error:  Call to undefined function GuzzleHttp\Handler\curl_reset() in D:\home\caribeanservice.com\wwwroot\vendor\guzzlehttp\guzzle\src\Handler\CurlFactory.php on line 77
[11-Dec-2018 15:22:01 America/Chicago] PHP Fatal error:  Call to undefined function GuzzleHttp\Handler\curl_reset() in D:\home\caribeanservice.com\wwwroot\vendor\guzzlehttp\guzzle\src\Handler\CurlFactory.php on line 77
[11-Dec-2018 15:22:01 America/Chicago] PHP Fatal error:  Call to undefined function GuzzleHttp\Handler\curl_reset() in D:\home\caribeanservice.com\wwwroot\vendor\guzzlehttp\guzzle\src\Handler\CurlFactory.php on line 77
[11-Dec-2018 15:22:02 America/Chicago] PHP Fatal error:  Call to undefined function GuzzleHttp\Handler\curl_reset() in D:\home\caribeanservice.com\wwwroot\vendor\guzzlehttp\guzzle\src\Handler\CurlFactory.php on line 77
[11-Dec-2018 15:22:02 America/Chicago] PHP Fatal error:  Call to undefined function GuzzleHttp\Handler\curl_reset() in D:\home\caribeanservice.com\wwwroot\vendor\guzzlehttp\guzzle\src\Handler\CurlFactory.php on line 77
[11-Dec-2018 15:22:22 America/Chicago] PHP Fatal error:  Call to undefined function GuzzleHttp\Handler\curl_reset() in D:\home\caribeanservice.com\wwwroot\vendor\guzzlehttp\guzzle\src\Handler\CurlFactory.php on line 77
[11-Dec-2018 15:22:22 America/Chicago] PHP Fatal error:  Call to undefined function GuzzleHttp\Handler\curl_reset() in D:\home\caribeanservice.com\wwwroot\vendor\guzzlehttp\guzzle\src\Handler\CurlFactory.php on line 77
[11-Dec-2018 15:22:22 America/Chicago] PHP Fatal error:  Call to undefined function GuzzleHttp\Handler\curl_reset() in D:\home\caribeanservice.com\wwwroot\vendor\guzzlehttp\guzzle\src\Handler\CurlFactory.php on line 77
[11-Dec-2018 15:22:24 America/Chicago] PHP Fatal error:  Call to undefined function GuzzleHttp\Handler\curl_reset() in D:\home\caribeanservice.com\wwwroot\vendor\guzzlehttp\guzzle\src\Handler\CurlFactory.php on line 77
[11-Dec-2018 15:23:31 America/Chicago] PHP Fatal error:  Call to undefined function GuzzleHttp\Handler\curl_reset() in D:\home\caribeanservice.com\wwwroot\vendor\guzzlehttp\guzzle\src\Handler\CurlFactory.php on line 77
[11-Dec-2018 15:23:31 America/Chicago] PHP Fatal error:  Call to undefined function GuzzleHttp\Handler\curl_reset() in D:\home\caribeanservice.com\wwwroot\vendor\guzzlehttp\guzzle\src\Handler\CurlFactory.php on line 77
[11-Dec-2018 15:23:32 America/Chicago] PHP Fatal error:  Call to undefined function GuzzleHttp\Handler\curl_reset() in D:\home\caribeanservice.com\wwwroot\vendor\guzzlehttp\guzzle\src\Handler\CurlFactory.php on line 77
[11-Dec-2018 15:23:32 America/Chicago] PHP Fatal error:  Call to undefined function GuzzleHttp\Handler\curl_reset() in D:\home\caribeanservice.com\wwwroot\vendor\guzzlehttp\guzzle\src\Handler\CurlFactory.php on line 77
[11-Dec-2018 15:24:12 America/Chicago] PHP Fatal error:  Call to undefined function GuzzleHttp\Handler\curl_reset() in D:\home\caribeanservice.com\wwwroot\vendor\guzzlehttp\guzzle\src\Handler\CurlFactory.php on line 77
[11-Dec-2018 15:24:12 America/Chicago] PHP Fatal error:  Call to undefined function GuzzleHttp\Handler\curl_reset() in D:\home\caribeanservice.com\wwwroot\vendor\guzzlehttp\guzzle\src\Handler\CurlFactory.php on line 77
[11-Dec-2018 15:24:12 America/Chicago] PHP Fatal error:  Call to undefined function GuzzleHttp\Handler\curl_reset() in D:\home\caribeanservice.com\wwwroot\vendor\guzzlehttp\guzzle\src\Handler\CurlFactory.php on line 77
[11-Dec-2018 15:24:12 America/Chicago] PHP Fatal error:  Call to undefined function GuzzleHttp\Handler\curl_reset() in D:\home\caribeanservice.com\wwwroot\vendor\guzzlehttp\guzzle\src\Handler\CurlFactory.php on line 77
[11-Dec-2018 15:25:49 America/Chicago] PHP Fatal error:  Call to undefined function GuzzleHttp\Handler\curl_reset() in D:\home\caribeanservice.com\wwwroot\vendor\guzzlehttp\guzzle\src\Handler\CurlFactory.php on line 77
[11-Dec-2018 15:25:49 America/Chicago] PHP Fatal error:  Call to undefined function GuzzleHttp\Handler\curl_reset() in D:\home\caribeanservice.com\wwwroot\vendor\guzzlehttp\guzzle\src\Handler\CurlFactory.php on line 77
[11-Dec-2018 15:25:49 America/Chicago] PHP Fatal error:  Call to undefined function GuzzleHttp\Handler\curl_reset() in D:\home\caribeanservice.com\wwwroot\vendor\guzzlehttp\guzzle\src\Handler\CurlFactory.php on line 77
[11-Dec-2018 15:25:54 America/Chicago] PHP Fatal error:  Call to undefined function GuzzleHttp\Handler\curl_reset() in D:\home\caribeanservice.com\wwwroot\vendor\guzzlehttp\guzzle\src\Handler\CurlFactory.php on line 77
[11-Dec-2018 15:26:45 America/Chicago] PHP Fatal error:  Call to undefined function GuzzleHttp\Handler\curl_reset() in D:\home\caribeanservice.com\wwwroot\vendor\guzzlehttp\guzzle\src\Handler\CurlFactory.php on line 77
[11-Dec-2018 15:26:46 America/Chicago] PHP Fatal error:  Call to undefined function GuzzleHttp\Handler\curl_reset() in D:\home\caribeanservice.com\wwwroot\vendor\guzzlehttp\guzzle\src\Handler\CurlFactory.php on line 77
[11-Dec-2018 15:26:46 America/Chicago] PHP Fatal error:  Call to undefined function GuzzleHttp\Handler\curl_reset() in D:\home\caribeanservice.com\wwwroot\vendor\guzzlehttp\guzzle\src\Handler\CurlFactory.php on line 77
[11-Dec-2018 15:26:51 America/Chicago] PHP Fatal error:  Call to undefined function GuzzleHttp\Handler\curl_reset() in D:\home\caribeanservice.com\wwwroot\vendor\guzzlehttp\guzzle\src\Handler\CurlFactory.php on line 77
[11-Dec-2018 15:27:04 America/Chicago] PHP Fatal error:  Call to undefined function GuzzleHttp\Handler\curl_reset() in D:\home\caribeanservice.com\wwwroot\vendor\guzzlehttp\guzzle\src\Handler\CurlFactory.php on line 77
[11-Dec-2018 15:27:05 America/Chicago] PHP Fatal error:  Call to undefined function GuzzleHttp\Handler\curl_reset() in D:\home\caribeanservice.com\wwwroot\vendor\guzzlehttp\guzzle\src\Handler\CurlFactory.php on line 77
[11-Dec-2018 15:27:05 America/Chicago] PHP Fatal error:  Call to undefined function GuzzleHttp\Handler\curl_reset() in D:\home\caribeanservice.com\wwwroot\vendor\guzzlehttp\guzzle\src\Handler\CurlFactory.php on line 77
[11-Dec-2018 15:27:05 America/Chicago] PHP Fatal error:  Call to undefined function GuzzleHttp\Handler\curl_reset() in D:\home\caribeanservice.com\wwwroot\vendor\guzzlehttp\guzzle\src\Handler\CurlFactory.php on line 77
[11-Dec-2018 15:29:57 America/Chicago] PHP Fatal error:  Call to undefined function GuzzleHttp\Handler\curl_reset() in D:\home\caribeanservice.com\wwwroot\vendor\guzzlehttp\guzzle\src\Handler\CurlFactory.php on line 77
[11-Dec-2018 15:29:57 America/Chicago] PHP Fatal error:  Call to undefined function GuzzleHttp\Handler\curl_reset() in D:\home\caribeanservice.com\wwwroot\vendor\guzzlehttp\guzzle\src\Handler\CurlFactory.php on line 77
[11-Dec-2018 15:29:58 America/Chicago] PHP Fatal error:  Call to undefined function GuzzleHttp\Handler\curl_reset() in D:\home\caribeanservice.com\wwwroot\vendor\guzzlehttp\guzzle\src\Handler\CurlFactory.php on line 77
[11-Dec-2018 15:29:58 America/Chicago] PHP Fatal error:  Call to undefined function GuzzleHttp\Handler\curl_reset() in D:\home\caribeanservice.com\wwwroot\vendor\guzzlehttp\guzzle\src\Handler\CurlFactory.php on line 77
[11-Dec-2018 15:31:10 America/Chicago] PHP Fatal error:  Call to undefined function GuzzleHttp\Handler\curl_reset() in D:\home\caribeanservice.com\wwwroot\vendor\guzzlehttp\guzzle\src\Handler\CurlFactory.php on line 77
[11-Dec-2018 15:31:11 America/Chicago] PHP Fatal error:  Call to undefined function GuzzleHttp\Handler\curl_reset() in D:\home\caribeanservice.com\wwwroot\vendor\guzzlehttp\guzzle\src\Handler\CurlFactory.php on line 77
[11-Dec-2018 15:31:13 America/Chicago] PHP Fatal error:  Call to undefined function GuzzleHttp\Handler\curl_reset() in D:\home\caribeanservice.com\wwwroot\vendor\guzzlehttp\guzzle\src\Handler\CurlFactory.php on line 77
[11-Dec-2018 15:31:15 America/Chicago] PHP Fatal error:  Call to undefined function GuzzleHttp\Handler\curl_reset() in D:\home\caribeanservice.com\wwwroot\vendor\guzzlehttp\guzzle\src\Handler\CurlFactory.php on line 77
[11-Dec-2018 15:37:40 America/Chicago] PHP Fatal error:  Call to undefined function GuzzleHttp\Handler\curl_reset() in D:\home\caribeanservice.com\wwwroot\vendor\guzzlehttp\guzzle\src\Handler\CurlFactory.php on line 77
[11-Dec-2018 15:37:40 America/Chicago] PHP Fatal error:  Call to undefined function GuzzleHttp\Handler\curl_reset() in D:\home\caribeanservice.com\wwwroot\vendor\guzzlehttp\guzzle\src\Handler\CurlFactory.php on line 77
[11-Dec-2018 15:37:40 America/Chicago] PHP Fatal error:  Call to undefined function GuzzleHttp\Handler\curl_reset() in D:\home\caribeanservice.com\wwwroot\vendor\guzzlehttp\guzzle\src\Handler\CurlFactory.php on line 77
[11-Dec-2018 15:37:44 America/Chicago] PHP Fatal error:  Call to undefined function GuzzleHttp\Handler\curl_reset() in D:\home\caribeanservice.com\wwwroot\vendor\guzzlehttp\guzzle\src\Handler\CurlFactory.php on line 77
[11-Dec-2018 15:37:53 America/Chicago] PHP Fatal error:  Call to undefined function GuzzleHttp\Handler\curl_reset() in D:\home\caribeanservice.com\wwwroot\vendor\guzzlehttp\guzzle\src\Handler\CurlFactory.php on line 77
[11-Dec-2018 15:38:20 America/Chicago] PHP Fatal error:  Call to undefined function GuzzleHttp\Handler\curl_reset() in D:\home\caribeanservice.com\wwwroot\vendor\guzzlehttp\guzzle\src\Handler\CurlFactory.php on line 77
[11-Dec-2018 15:38:20 America/Chicago] PHP Fatal error:  Call to undefined function GuzzleHttp\Handler\curl_reset() in D:\home\caribeanservice.com\wwwroot\vendor\guzzlehttp\guzzle\src\Handler\CurlFactory.php on line 77
[11-Dec-2018 15:38:20 America/Chicago] PHP Fatal error:  Call to undefined function GuzzleHttp\Handler\curl_reset() in D:\home\caribeanservice.com\wwwroot\vendor\guzzlehttp\guzzle\src\Handler\CurlFactory.php on line 77
[11-Dec-2018 15:38:20 America/Chicago] PHP Fatal error:  Call to undefined function GuzzleHttp\Handler\curl_reset() in D:\home\caribeanservice.com\wwwroot\vendor\guzzlehttp\guzzle\src\Handler\CurlFactory.php on line 77
[11-Dec-2018 15:38:38 America/Chicago] PHP Fatal error:  Call to undefined function GuzzleHttp\Handler\curl_reset() in D:\home\caribeanservice.com\wwwroot\vendor\guzzlehttp\guzzle\src\Handler\CurlFactory.php on line 77
[11-Dec-2018 15:38:38 America/Chicago] PHP Fatal error:  Call to undefined function GuzzleHttp\Handler\curl_reset() in D:\home\caribeanservice.com\wwwroot\vendor\guzzlehttp\guzzle\src\Handler\CurlFactory.php on line 77
[11-Dec-2018 15:38:38 America/Chicago] PHP Fatal error:  Call to undefined function GuzzleHttp\Handler\curl_reset() in D:\home\caribeanservice.com\wwwroot\vendor\guzzlehttp\guzzle\src\Handler\CurlFactory.php on line 77
[11-Dec-2018 15:38:39 America/Chicago] PHP Fatal error:  Call to undefined function GuzzleHttp\Handler\curl_reset() in D:\home\caribeanservice.com\wwwroot\vendor\guzzlehttp\guzzle\src\Handler\CurlFactory.php on line 77
[11-Dec-2018 15:39:30 America/Chicago] PHP Fatal error:  Call to undefined function GuzzleHttp\Handler\curl_reset() in D:\home\caribeanservice.com\wwwroot\vendor\guzzlehttp\guzzle\src\Handler\CurlFactory.php on line 77
[11-Dec-2018 15:39:30 America/Chicago] PHP Fatal error:  Call to undefined function GuzzleHttp\Handler\curl_reset() in D:\home\caribeanservice.com\wwwroot\vendor\guzzlehttp\guzzle\src\Handler\CurlFactory.php on line 77
[11-Dec-2018 15:39:30 America/Chicago] PHP Fatal error:  Call to undefined function GuzzleHttp\Handler\curl_reset() in D:\home\caribeanservice.com\wwwroot\vendor\guzzlehttp\guzzle\src\Handler\CurlFactory.php on line 77
[11-Dec-2018 15:39:32 America/Chicago] PHP Fatal error:  Call to undefined function GuzzleHttp\Handler\curl_reset() in D:\home\caribeanservice.com\wwwroot\vendor\guzzlehttp\guzzle\src\Handler\CurlFactory.php on line 77
[11-Dec-2018 15:40:47 America/Chicago] PHP Fatal error:  Call to undefined function GuzzleHttp\Handler\curl_reset() in D:\home\caribeanservice.com\wwwroot\vendor\guzzlehttp\guzzle\src\Handler\CurlFactory.php on line 77
[11-Dec-2018 15:40:47 America/Chicago] PHP Fatal error:  Call to undefined function GuzzleHttp\Handler\curl_reset() in D:\home\caribeanservice.com\wwwroot\vendor\guzzlehttp\guzzle\src\Handler\CurlFactory.php on line 77
[11-Dec-2018 15:40:47 America/Chicago] PHP Fatal error:  Call to undefined function GuzzleHttp\Handler\curl_reset() in D:\home\caribeanservice.com\wwwroot\vendor\guzzlehttp\guzzle\src\Handler\CurlFactory.php on line 77
[11-Dec-2018 15:40:49 America/Chicago] PHP Fatal error:  Call to undefined function GuzzleHttp\Handler\curl_reset() in D:\home\caribeanservice.com\wwwroot\vendor\guzzlehttp\guzzle\src\Handler\CurlFactory.php on line 77
[11-Dec-2018 15:53:47 America/Chicago] PHP Fatal error:  Call to undefined function GuzzleHttp\Handler\curl_reset() in D:\home\caribeanservice.com\wwwroot\vendor\guzzlehttp\guzzle\src\Handler\CurlFactory.php on line 77
[11-Dec-2018 15:53:47 America/Chicago] PHP Fatal error:  Call to undefined function GuzzleHttp\Handler\curl_reset() in D:\home\caribeanservice.com\wwwroot\vendor\guzzlehttp\guzzle\src\Handler\CurlFactory.php on line 77
[11-Dec-2018 15:53:51 America/Chicago] PHP Fatal error:  Call to undefined function GuzzleHttp\Handler\curl_reset() in D:\home\caribeanservice.com\wwwroot\vendor\guzzlehttp\guzzle\src\Handler\CurlFactory.php on line 77
[11-Dec-2018 15:53:51 America/Chicago] PHP Fatal error:  Call to undefined function GuzzleHttp\Handler\curl_reset() in D:\home\caribeanservice.com\wwwroot\vendor\guzzlehttp\guzzle\src\Handler\CurlFactory.php on line 77
[11-Dec-2018 15:53:52 America/Chicago] PHP Fatal error:  Call to undefined function GuzzleHttp\Handler\curl_reset() in D:\home\caribeanservice.com\wwwroot\vendor\guzzlehttp\guzzle\src\Handler\CurlFactory.php on line 77
[11-Dec-2018 15:53:53 America/Chicago] PHP Fatal error:  Call to undefined function GuzzleHttp\Handler\curl_reset() in D:\home\caribeanservice.com\wwwroot\vendor\guzzlehttp\guzzle\src\Handler\CurlFactory.php on line 77
[11-Dec-2018 15:53:53 America/Chicago] PHP Fatal error:  Call to undefined function GuzzleHttp\Handler\curl_reset() in D:\home\caribeanservice.com\wwwroot\vendor\guzzlehttp\guzzle\src\Handler\CurlFactory.php on line 77
[11-Dec-2018 15:53:53 America/Chicago] PHP Fatal error:  Call to undefined function GuzzleHttp\Handler\curl_reset() in D:\home\caribeanservice.com\wwwroot\vendor\guzzlehttp\guzzle\src\Handler\CurlFactory.php on line 77
[11-Dec-2018 15:53:54 America/Chicago] PHP Fatal error:  Call to undefined function GuzzleHttp\Handler\curl_reset() in D:\home\caribeanservice.com\wwwroot\vendor\guzzlehttp\guzzle\src\Handler\CurlFactory.php on line 77
[11-Dec-2018 15:54:45 America/Chicago] PHP Fatal error:  Call to undefined function GuzzleHttp\Handler\curl_reset() in D:\home\caribeanservice.com\wwwroot\vendor\guzzlehttp\guzzle\src\Handler\CurlFactory.php on line 77
[11-Dec-2018 15:54:46 America/Chicago] PHP Fatal error:  Call to undefined function GuzzleHttp\Handler\curl_reset() in D:\home\caribeanservice.com\wwwroot\vendor\guzzlehttp\guzzle\src\Handler\CurlFactory.php on line 77
[11-Dec-2018 15:54:46 America/Chicago] PHP Fatal error:  Call to undefined function GuzzleHttp\Handler\curl_reset() in D:\home\caribeanservice.com\wwwroot\vendor\guzzlehttp\guzzle\src\Handler\CurlFactory.php on line 77
[11-Dec-2018 15:54:46 America/Chicago] PHP Fatal error:  Call to undefined function GuzzleHttp\Handler\curl_reset() in D:\home\caribeanservice.com\wwwroot\vendor\guzzlehttp\guzzle\src\Handler\CurlFactory.php on line 77
[11-Dec-2018 16:08:23 America/Chicago] PHP Fatal error:  Call to undefined function GuzzleHttp\Handler\curl_reset() in D:\home\caribeanservice.com\wwwroot\vendor\guzzlehttp\guzzle\src\Handler\CurlFactory.php on line 77
[11-Dec-2018 16:08:23 America/Chicago] PHP Fatal error:  Call to undefined function GuzzleHttp\Handler\curl_reset() in D:\home\caribeanservice.com\wwwroot\vendor\guzzlehttp\guzzle\src\Handler\CurlFactory.php on line 77
[11-Dec-2018 16:08:25 America/Chicago] PHP Fatal error:  Call to undefined function GuzzleHttp\Handler\curl_reset() in D:\home\caribeanservice.com\wwwroot\vendor\guzzlehttp\guzzle\src\Handler\CurlFactory.php on line 77
[11-Dec-2018 16:08:25 America/Chicago] PHP Fatal error:  Call to undefined function GuzzleHttp\Handler\curl_reset() in D:\home\caribeanservice.com\wwwroot\vendor\guzzlehttp\guzzle\src\Handler\CurlFactory.php on line 77
[11-Dec-2018 16:17:05 America/Chicago] PHP Fatal error:  Call to undefined function GuzzleHttp\Handler\curl_reset() in D:\home\caribeanservice.com\wwwroot\vendor\guzzlehttp\guzzle\src\Handler\CurlFactory.php on line 77
[11-Dec-2018 16:17:05 America/Chicago] PHP Fatal error:  Call to undefined function GuzzleHttp\Handler\curl_reset() in D:\home\caribeanservice.com\wwwroot\vendor\guzzlehttp\guzzle\src\Handler\CurlFactory.php on line 77
[11-Dec-2018 16:17:05 America/Chicago] PHP Fatal error:  Call to undefined function GuzzleHttp\Handler\curl_reset() in D:\home\caribeanservice.com\wwwroot\vendor\guzzlehttp\guzzle\src\Handler\CurlFactory.php on line 77
[11-Dec-2018 16:17:11 America/Chicago] PHP Fatal error:  Call to undefined function GuzzleHttp\Handler\curl_reset() in D:\home\caribeanservice.com\wwwroot\vendor\guzzlehttp\guzzle\src\Handler\CurlFactory.php on line 77
[11-Dec-2018 16:17:13 America/Chicago] PHP Fatal error:  Call to undefined function GuzzleHttp\Handler\curl_reset() in D:\home\caribeanservice.com\wwwroot\vendor\guzzlehttp\guzzle\src\Handler\CurlFactory.php on line 77
[11-Dec-2018 16:18:18 America/Chicago] PHP Fatal error:  Call to undefined function GuzzleHttp\Handler\curl_reset() in D:\home\caribeanservice.com\wwwroot\vendor\guzzlehttp\guzzle\src\Handler\CurlFactory.php on line 77
[11-Dec-2018 16:20:16 America/Chicago] PHP Fatal error:  Call to undefined function GuzzleHttp\Handler\curl_reset() in D:\home\caribeanservice.com\wwwroot\vendor\guzzlehttp\guzzle\src\Handler\CurlFactory.php on line 77
[11-Dec-2018 16:22:41 America/Chicago] PHP Fatal error:  Call to undefined function GuzzleHttp\Handler\curl_reset() in D:\home\caribeanservice.com\wwwroot\vendor\guzzlehttp\guzzle\src\Handler\CurlFactory.php on line 77
[11-Dec-2018 16:22:41 America/Chicago] PHP Fatal error:  Call to undefined function GuzzleHttp\Handler\curl_reset() in D:\home\caribeanservice.com\wwwroot\vendor\guzzlehttp\guzzle\src\Handler\CurlFactory.php on line 77
[11-Dec-2018 16:22:43 America/Chicago] PHP Fatal error:  Call to undefined function GuzzleHttp\Handler\curl_reset() in D:\home\caribeanservice.com\wwwroot\vendor\guzzlehttp\guzzle\src\Handler\CurlFactory.php on line 77
[11-Dec-2018 16:22:43 America/Chicago] PHP Fatal error:  Call to undefined function GuzzleHttp\Handler\curl_reset() in D:\home\caribeanservice.com\wwwroot\vendor\guzzlehttp\guzzle\src\Handler\CurlFactory.php on line 77
[11-Dec-2018 16:24:37 America/Chicago] PHP Fatal error:  Call to undefined function GuzzleHttp\Handler\curl_reset() in D:\home\caribeanservice.com\wwwroot\vendor\guzzlehttp\guzzle\src\Handler\CurlFactory.php on line 77
[11-Dec-2018 16:24:38 America/Chicago] PHP Fatal error:  Call to undefined function GuzzleHttp\Handler\curl_reset() in D:\home\caribeanservice.com\wwwroot\vendor\guzzlehttp\guzzle\src\Handler\CurlFactory.php on line 77
[11-Dec-2018 16:24:38 America/Chicago] PHP Fatal error:  Call to undefined function GuzzleHttp\Handler\curl_reset() in D:\home\caribeanservice.com\wwwroot\vendor\guzzlehttp\guzzle\src\Handler\CurlFactory.php on line 77
[11-Dec-2018 16:24:38 America/Chicago] PHP Fatal error:  Call to undefined function GuzzleHttp\Handler\curl_reset() in D:\home\caribeanservice.com\wwwroot\vendor\guzzlehttp\guzzle\src\Handler\CurlFactory.php on line 77
[11-Dec-2018 16:44:42 America/Chicago] PHP Fatal error:  Call to undefined function GuzzleHttp\Handler\curl_reset() in D:\home\caribeanservice.com\wwwroot\vendor\guzzlehttp\guzzle\src\Handler\CurlFactory.php on line 77
[11-Dec-2018 16:44:43 America/Chicago] PHP Fatal error:  Call to undefined function GuzzleHttp\Handler\curl_reset() in D:\home\caribeanservice.com\wwwroot\vendor\guzzlehttp\guzzle\src\Handler\CurlFactory.php on line 77
[11-Dec-2018 16:44:44 America/Chicago] PHP Fatal error:  Call to undefined function GuzzleHttp\Handler\curl_reset() in D:\home\caribeanservice.com\wwwroot\vendor\guzzlehttp\guzzle\src\Handler\CurlFactory.php on line 77
[11-Dec-2018 16:44:44 America/Chicago] PHP Fatal error:  Call to undefined function GuzzleHttp\Handler\curl_reset() in D:\home\caribeanservice.com\wwwroot\vendor\guzzlehttp\guzzle\src\Handler\CurlFactory.php on line 77
[11-Dec-2018 16:47:30 America/Chicago] PHP Fatal error:  Call to undefined function GuzzleHttp\Handler\curl_reset() in D:\home\caribeanservice.com\wwwroot\vendor\guzzlehttp\guzzle\src\Handler\CurlFactory.php on line 77
[11-Dec-2018 16:47:32 America/Chicago] PHP Fatal error:  Call to undefined function GuzzleHttp\Handler\curl_reset() in D:\home\caribeanservice.com\wwwroot\vendor\guzzlehttp\guzzle\src\Handler\CurlFactory.php on line 77
[11-Dec-2018 16:47:35 America/Chicago] PHP Fatal error:  Call to undefined function GuzzleHttp\Handler\curl_reset() in D:\home\caribeanservice.com\wwwroot\vendor\guzzlehttp\guzzle\src\Handler\CurlFactory.php on line 77
[11-Dec-2018 16:47:35 America/Chicago] PHP Fatal error:  Call to undefined function GuzzleHttp\Handler\curl_reset() in D:\home\caribeanservice.com\wwwroot\vendor\guzzlehttp\guzzle\src\Handler\CurlFactory.php on line 77
[11-Dec-2018 16:48:11 America/Chicago] PHP Fatal error:  Call to undefined function GuzzleHttp\Handler\curl_reset() in D:\home\caribeanservice.com\wwwroot\vendor\guzzlehttp\guzzle\src\Handler\CurlFactory.php on line 77
[11-Dec-2018 16:48:11 America/Chicago] PHP Fatal error:  Call to undefined function GuzzleHttp\Handler\curl_reset() in D:\home\caribeanservice.com\wwwroot\vendor\guzzlehttp\guzzle\src\Handler\CurlFactory.php on line 77
[11-Dec-2018 16:48:11 America/Chicago] PHP Fatal error:  Call to undefined function GuzzleHttp\Handler\curl_reset() in D:\home\caribeanservice.com\wwwroot\vendor\guzzlehttp\guzzle\src\Handler\CurlFactory.php on line 77
[11-Dec-2018 16:48:11 America/Chicago] PHP Fatal error:  Call to undefined function GuzzleHttp\Handler\curl_reset() in D:\home\caribeanservice.com\wwwroot\vendor\guzzlehttp\guzzle\src\Handler\CurlFactory.php on line 77
[11-Dec-2018 16:51:53 America/Chicago] PHP Fatal error:  Call to undefined function GuzzleHttp\Handler\curl_reset() in D:\home\caribeanservice.com\wwwroot\vendor\guzzlehttp\guzzle\src\Handler\CurlFactory.php on line 77
[11-Dec-2018 16:51:53 America/Chicago] PHP Fatal error:  Call to undefined function GuzzleHttp\Handler\curl_reset() in D:\home\caribeanservice.com\wwwroot\vendor\guzzlehttp\guzzle\src\Handler\CurlFactory.php on line 77
[11-Dec-2018 16:51:53 America/Chicago] PHP Fatal error:  Call to undefined function GuzzleHttp\Handler\curl_reset() in D:\home\caribeanservice.com\wwwroot\vendor\guzzlehttp\guzzle\src\Handler\CurlFactory.php on line 77
[11-Dec-2018 16:51:55 America/Chicago] PHP Fatal error:  Call to undefined function GuzzleHttp\Handler\curl_reset() in D:\home\caribeanservice.com\wwwroot\vendor\guzzlehttp\guzzle\src\Handler\CurlFactory.php on line 77
[11-Dec-2018 18:29:32 America/Chicago] PHP Fatal error:  Call to undefined function GuzzleHttp\Handler\curl_reset() in D:\home\caribeanservice.com\wwwroot\vendor\guzzlehttp\guzzle\src\Handler\CurlFactory.php on line 77
[11-Dec-2018 18:29:33 America/Chicago] PHP Fatal error:  Call to undefined function GuzzleHttp\Handler\curl_reset() in D:\home\caribeanservice.com\wwwroot\vendor\guzzlehttp\guzzle\src\Handler\CurlFactory.php on line 77
[11-Dec-2018 18:29:33 America/Chicago] PHP Fatal error:  Call to undefined function GuzzleHttp\Handler\curl_reset() in D:\home\caribeanservice.com\wwwroot\vendor\guzzlehttp\guzzle\src\Handler\CurlFactory.php on line 77
[11-Dec-2018 18:29:33 America/Chicago] PHP Fatal error:  Call to undefined function GuzzleHttp\Handler\curl_reset() in D:\home\caribeanservice.com\wwwroot\vendor\guzzlehttp\guzzle\src\Handler\CurlFactory.php on line 77
